<?xml version="1.0" encoding="UTF-8"?>
<testng-results ignored="0" total="1" passed="1" failed="0" skipped="0">
  <reporter-output>
  </reporter-output>
  <suite started-at="2023-02-27T17:12:21 SAST" name="Payments" finished-at="2023-02-27T17:12:29 SAST" duration-ms="7980">
    <groups>
    </groups>
    <test started-at="2023-02-27T17:12:21 SAST" name="End to End Testing For Ordering Products" finished-at="2023-02-27T17:12:29 SAST" duration-ms="7980">
      <class name="Tests.SauceDemo.checkout">
        <test-method is-config="true" signature="before()[pri:0, instance:Tests.SauceDemo.checkout@619713e5]" started-at="2023-02-27T17:12:21 SAST" name="before" finished-at="2023-02-27T17:12:24 SAST" duration-ms="2821" status="PASS">
          <reporter-output>
          </reporter-output>
        </test-method> <!-- before -->
        <test-method signature="checkoutProduct()[pri:0, instance:Tests.SauceDemo.checkout@619713e5]" started-at="2023-02-27T17:12:24 SAST" name="checkoutProduct" finished-at="2023-02-27T17:12:28 SAST" duration-ms="4467" status="PASS">
          <reporter-output>
          </reporter-output>
        </test-method> <!-- checkoutProduct -->
        <test-method is-config="true" signature="tearDown(org.testng.ITestResult)[pri:0, instance:Tests.SauceDemo.checkout@619713e5]" started-at="2023-02-27T17:12:28 SAST" name="tearDown" finished-at="2023-02-27T17:12:28 SAST" duration-ms="8" status="PASS">
          <params>
            <param index="0">
              <value>
                <![CDATA[[TestResult name=checkoutProduct status=SUCCESS method=checkout.checkoutProduct()[pri:0, instance:Tests.SauceDemo.checkout@619713e5] output={null}]]]>
              </value>
            </param>
          </params>
          <reporter-output>
          </reporter-output>
        </test-method> <!-- tearDown -->
        <test-method is-config="true" signature="after()[pri:0, instance:Tests.SauceDemo.checkout@619713e5]" started-at="2023-02-27T17:12:28 SAST" name="after" finished-at="2023-02-27T17:12:29 SAST" duration-ms="659" status="PASS">
          <reporter-output>
          </reporter-output>
        </test-method> <!-- after -->
      </class> <!-- Tests.SauceDemo.checkout -->
    </test> <!-- End to End Testing For Ordering Products -->
  </suite> <!-- Payments -->
</testng-results>
